2021-11-18T14:45:02+00:00 CRITICAL Uncaught Error: Call to undefined function get_return_url() in /var/www/html/wp-content/plugins/swirepay/swirepay.php:266
Stack trace:
#0 /var/www/html/wp-content/plugins/woocommerce/includes/class-wc-checkout.php(980): WC_Swirepay_Gateway->process_payment(36)
#1 /var/www/html/wp-content/plugins/woocommerce/includes/class-wc-checkout.php(1195): WC_Checkout->process_order_payment(36, 'swirepay_gatewa...')
#2 /var/www/html/wp-content/plugins/woocommerce/includes/class-wc-ajax.php(465): WC_Checkout->process_checkout()
#3 /var/www/html/wp-includes/class-wp-hook.php(303): WC_AJAX::checkout('')
#4 /var/www/html/wp-includes/class-wp-hook.php(327): WP_Hook->apply_filters('', Array)
#5 /var/www/html/wp-includes/plugin.php(470): WP_Hook->do_action(Array)
#6 /var/www/html/wp-content/plugins/woocommerce/includes/class-wc-ajax.php(90): do_action('wc_ajax_checkou...')
#7 /var/www/html/wp-includes/class-wp-hook.php(303): WC_AJAX::do_wc_ajax('')
#8 /var/www/html/wp-includes/class-wp-hook.php(327): WP_Hook->apply_filters(fals in /var/www/html/wp-content/plugins/swirepay/swirepay.php on line 266

2021-11-18T15:02:27+00:00 CRITICAL Uncaught Error: Call to undefined function get_return_url() in /var/www/html/wp-content/plugins/swirepay/swirepay.php:266
Stack trace:
#0 /var/www/html/wp-content/plugins/woocommerce/includes/class-wc-checkout.php(980): WC_Swirepay_Gateway->process_payment(37)
#1 /var/www/html/wp-content/plugins/woocommerce/includes/class-wc-checkout.php(1195): WC_Checkout->process_order_payment(37, 'swirepay_gatewa...')
#2 /var/www/html/wp-content/plugins/woocommerce/includes/class-wc-ajax.php(465): WC_Checkout->process_checkout()
#3 /var/www/html/wp-includes/class-wp-hook.php(303): WC_AJAX::checkout('')
#4 /var/www/html/wp-includes/class-wp-hook.php(327): WP_Hook->apply_filters('', Array)
#5 /var/www/html/wp-includes/plugin.php(470): WP_Hook->do_action(Array)
#6 /var/www/html/wp-content/plugins/woocommerce/includes/class-wc-ajax.php(90): do_action('wc_ajax_checkou...')
#7 /var/www/html/wp-includes/class-wp-hook.php(303): WC_AJAX::do_wc_ajax('')
#8 /var/www/html/wp-includes/class-wp-hook.php(327): WP_Hook->apply_filters(fals in /var/www/html/wp-content/plugins/swirepay/swirepay.php on line 266

2021-11-18T16:30:07+00:00 CRITICAL Uncaught Error: Cannot use object of type Automattic\WooCommerce\Admin\Overrides\Order as array in /var/www/html/wp-content/plugins/swirepay/swirepay.php:222
Stack trace:
#0 /var/www/html/wp-content/plugins/woocommerce/includes/class-wc-checkout.php(980): WC_Swirepay_Gateway->process_payment(77)
#1 /var/www/html/wp-content/plugins/woocommerce/includes/class-wc-checkout.php(1195): WC_Checkout->process_order_payment(77, 'swirepay_gatewa...')
#2 /var/www/html/wp-content/plugins/woocommerce/includes/class-wc-ajax.php(465): WC_Checkout->process_checkout()
#3 /var/www/html/wp-includes/class-wp-hook.php(303): WC_AJAX::checkout('')
#4 /var/www/html/wp-includes/class-wp-hook.php(327): WP_Hook->apply_filters('', Array)
#5 /var/www/html/wp-includes/plugin.php(470): WP_Hook->do_action(Array)
#6 /var/www/html/wp-content/plugins/woocommerce/includes/class-wc-ajax.php(90): do_action('wc_ajax_checkou...')
#7 /var/www/html/wp-includes/class-wp-hook.php(303): WC_AJAX::do_wc_ajax('')
#8 /var/www/html/wp-includes/class-wp-hook.p in /var/www/html/wp-content/plugins/swirepay/swirepay.php on line 222

